"2022-07-25 09:23:07 [restartedMain] INFO  c.c.d.DailyMutualFundNavApplication - Starting DailyMutualFundNavApplication using Java 17.0.2 on DESKTOP-H8CBHU0 with PID 10488 (C:\Users\hp\OneDrive\Desktop\CTS INTERNSHIP\portfolio_management\DailyMutualFundNAV\target\classes started by Nachiketa in C:\Users\hp\OneDrive\Desktop\CTS INTERNSHIP\portfolio_management\DailyMutualFundNAV)
""2022-07-25 09:23:07 [restartedMain] INFO  c.c.d.DailyMutualFundNavApplication - No active profile set, falling back to 1 default profile: "default"
""2022-07-25 09:23:08 [restartedMain] INFO  o.s.b.d.e.DevToolsPropertyDefaultsPostProcessor - Devtools property defaults active! Set 'spring.devtools.add-properties' to 'false' to disable
""2022-07-25 09:23:08 [restartedMain] INFO  o.s.b.d.e.DevToolsPropertyDefaultsPostProcessor - For additional web related logging consider setting the 'logging.level.web' property to 'DEBUG'
""2022-07-25 09:23:10 [restartedMain] INFO  o.s.d.r.c.RepositoryConfigurationDelegate - Bootstrapping Spring Data JPA repositories in DEFAULT mode.
""2022-07-25 09:23:10 [restartedMain] INFO  o.s.d.r.c.RepositoryConfigurationDelegate - Finished Spring Data repository scanning in 79 ms. Found 1 JPA repository interfaces.
""2022-07-25 09:23:11 [restartedMain] INFO  o.s.cloud.context.scope.GenericScope - BeanFactory id=86d547e8-d495-34ed-9e55-abc5835f1338
""2022-07-25 09:23:14 [restartedMain] INFO  o.s.b.w.e.tomcat.TomcatWebServer - Tomcat initialized with port(s): 8083 (http)
""2022-07-25 09:23:14 [restartedMain] INFO  o.a.catalina.core.StandardService - Starting service [Tomcat]
""2022-07-25 09:23:14 [restartedMain] INFO  o.a.catalina.core.StandardEngine - Starting Servlet engine: [Apache Tomcat/9.0.58]
""2022-07-25 09:23:14 [restartedMain] INFO  o.a.c.c.C.[Tomcat].[localhost].[/] - Initializing Spring embedded WebApplicationContext
""2022-07-25 09:23:14 [restartedMain] INFO  o.s.b.w.s.c.ServletWebServerApplicationContext - Root WebApplicationContext: initialization completed in 6806 ms
""2022-07-25 09:23:14 [restartedMain] INFO  com.zaxxer.hikari.HikariDataSource - HikariPool-1 - Starting...
""2022-07-25 09:23:15 [restartedMain] INFO  com.zaxxer.hikari.HikariDataSource - HikariPool-1 - Start completed.
""2022-07-25 09:23:15 [restartedMain] INFO  o.s.b.a.h.H2ConsoleAutoConfiguration - H2 console available at '/h2-console'. Database available at 'jdbc:h2:mem:pms'
""2022-07-25 09:23:16 [restartedMain] INFO  o.h.jpa.internal.util.LogHelper - HHH000204: Processing PersistenceUnitInfo [name: default]
""2022-07-25 09:23:16 [restartedMain] INFO  org.hibernate.Version - HHH000412: Hibernate ORM core version 5.6.5.Final
""2022-07-25 09:23:16 [restartedMain] INFO  o.h.annotations.common.Version - HCANN000001: Hibernate Commons Annotations {5.1.2.Final}
""2022-07-25 09:23:17 [restartedMain] INFO  org.hibernate.dialect.Dialect - HHH000400: Using dialect: org.hibernate.dialect.H2Dialect
""2022-07-25 09:23:18 [restartedMain] INFO  o.h.e.t.j.p.i.JtaPlatformInitiator - HHH000490: Using JtaPlatform implementation: [org.hibernate.engine.transaction.jta.platform.internal.NoJtaPlatform]
""2022-07-25 09:23:18 [restartedMain] INFO  o.s.o.j.LocalContainerEntityManagerFactoryBean - Initialized JPA EntityManagerFactory for persistence unit 'default'
""2022-07-25 09:23:19 [restartedMain] WARN  o.s.b.a.o.j.JpaBaseConfiguration$JpaWebConfiguration - spring.jpa.open-in-view is enabled by default. Therefore, database queries may be performed during view rendering. Explicitly configure spring.jpa.open-in-view to disable this warning
""2022-07-25 09:23:19 [restartedMain] WARN  o.s.b.d.a.OptionalLiveReloadServer - Unable to start LiveReload server
""2022-07-25 09:23:21 [restartedMain] INFO  o.s.b.w.e.tomcat.TomcatWebServer - Tomcat started on port(s): 8083 (http) with context path ''
""2022-07-25 09:23:21 [restartedMain] INFO  c.c.d.DailyMutualFundNavApplication - Started DailyMutualFundNavApplication in 15.006 seconds (JVM running for 17.855)
""2022-07-25 09:28:27 [http-nio-8083-exec-1] INFO  o.a.c.c.C.[Tomcat].[localhost].[/] - Initializing Spring DispatcherServlet 'dispatcherServlet'
""2022-07-25 09:28:27 [http-nio-8083-exec-1] INFO  o.s.web.servlet.DispatcherServlet - Initializing Servlet 'dispatcherServlet'
""2022-07-25 09:28:29 [http-nio-8083-exec-1] INFO  o.s.web.servlet.DispatcherServlet - Completed initialization in 2460 ms
""2022-07-25 09:28:33 [http-nio-8083-exec-4] INFO  c.c.d.c.MutualFundController - Returning Mutual Fund List
""2022-07-25 09:28:33 [http-nio-8083-exec-1] INFO  c.c.d.c.MutualFundController - Returning Mutual Fund:SRD
""2022-07-25 09:28:33 [http-nio-8083-exec-2] INFO  c.c.d.c.MutualFundController - Returning Mutual Fund:SRD
""2022-07-25 09:28:38 [http-nio-8083-exec-5] INFO  c.c.d.c.MutualFundController - Returning Mutual Fund:CPE
""2022-07-25 09:28:38 [http-nio-8083-exec-6] INFO  c.c.d.c.MutualFundController - Returning Mutual Fund:CPE
""2022-07-25 09:28:47 [http-nio-8083-exec-8] INFO  c.c.d.c.MutualFundController - Returning Mutual Fund:SRD
""2022-07-25 09:28:47 [http-nio-8083-exec-9] INFO  c.c.d.c.MutualFundController - Returning Mutual Fund:CPE
""2022-07-25 09:29:22 [http-nio-8083-exec-10] INFO  c.c.d.c.MutualFundController - Returning Mutual Fund:SRD
""2022-07-25 09:29:22 [http-nio-8083-exec-3] INFO  c.c.d.c.MutualFundController - Returning Mutual Fund:CPE
""2022-07-25 09:29:23 [http-nio-8083-exec-4] INFO  c.c.d.c.MutualFundController - Returning Mutual Fund:SRD
""2022-07-25 09:29:23 [http-nio-8083-exec-5] INFO  c.c.d.c.MutualFundController - Returning Mutual Fund:CPE
""2022-07-25 09:29:30 [http-nio-8083-exec-6] INFO  c.c.d.c.MutualFundController - Returning Mutual Fund:SRD
""2022-07-25 09:29:30 [http-nio-8083-exec-1] INFO  c.c.d.c.MutualFundController - Returning Mutual Fund:CPE
""2022-07-25 09:30:24 [RMI TCP Connection(2)-127.0.0.1] INFO  o.s.b.a.SpringApplicationAdminMXBeanRegistrar$SpringApplicationAdmin - Application shutdown requested.
""2022-07-25 09:30:24 [RMI TCP Connection(2)-127.0.0.1] INFO  o.s.o.j.LocalContainerEntityManagerFactoryBean - Closing JPA EntityManagerFactory for persistence unit 'default'
""2022-07-25 09:30:25 [RMI TCP Connection(2)-127.0.0.1] WARN  o.s.b.f.s.DisposableBeanAdapter - Invocation of destroy method failed on bean with name 'inMemoryDatabaseShutdownExecutor': org.h2.jdbc.JdbcSQLNonTransientConnectionException: Database is already closed (to disable automatic closing at VM shutdown, add ";DB_CLOSE_ON_EXIT=FALSE" to the db URL) [90121-200]
""2022-07-25 09:30:25 [RMI TCP Connection(2)-127.0.0.1] INFO  com.zaxxer.hikari.HikariDataSource - HikariPool-1 - Shutdown initiated...
""2022-07-25 09:30:25 [RMI TCP Connection(2)-127.0.0.1] INFO  com.zaxxer.hikari.HikariDataSource - HikariPool-1 - Shutdown completed.
"